         w __deregister_frame_info
         w __register_frame_info
         w userAppExit
         w userAppInit
00000000 00000802 B __ctru_dev_utf16_buf
00000000 A __sync_synchronize
00000000 b _TLS_MODULE_BASE_
00000000 a shift
00000000 a shift
00000804 00000401 B __ctru_dev_path_buf
00100000 A __start__
00100000 T _start
00100008 T __service_ptr
0010000c T __apt_appid
00100010 T __heap_size
00100014 T __linear_heap_size
00100018 T __system_arglist
0010001c T __system_runflags
00100020 t startup
00100058 t ClearMem
0010006c t ClrLoop
00100094 T _init
001000ac T __aeabi_idiv
001000ac 00000220 T __divsi3
001000b4 t .divsi3_skip_div0_test
001002cc 00000020 T __aeabi_idivmod
001002ec 00000004 W __aeabi_idiv0
001002ec 00000004 W __aeabi_ldiv0
001002f0 T __aeabi_ldivmod
001003c4 T __aeabi_uldivmod
00100408 00000390 T strcmp
00100790 t .udivsi3_skip_div0_test
00100790 T __aeabi_uidiv
00100790 000001ec T __udivsi3
0010097c 00000020 T __aeabi_uidivmod
0010099c t __do_global_dtors_aux
001009ec t frame_dummy
00100a18 00000170 T init_decks
00100b88 000000e8 T shuffle_deck
00100c70 00000084 T cut_card
00100cf4 00000064 T print_card
00100d58 0000008c T cleanup_deck
00100de4 000000cc T check_and_shuffle
00100eb0 00000100 T deal_card
00100fb0 00000104 T game_start
001010b4 00000148 T place_bet
001011fc 0000012c T offer_insurance
00101328 000000c4 T calculate_hand_value
001013ec 0000007c T add_card_to_hand
00101468 00000170 T deal_initial_cards
001015d8 000001fc T display_hand
001017d4 000000b8 T determine_winner
0010188c 00000090 T handle_dealer_turn
0010191c 00000088 T clear_hands
001019a4 00000014 T is_busted
001019b8 00000020 T is_natural_blackjack
001019d8 000000b8 T get_player_input
00101a90 0000016c T handle_player_turn
00101bfc 00000094 T display_game_status
00101c90 00000488 T main
00102118 000001c8 T consoleDrawChar
001022e0 00000170 T consolePrintChar
00102450 00000c40 T con_write
00103090 00000110 t newRow
001031a0 00000180 T consoleInit
00103320 000000cc t gfxPresentFramebuffer
001033ec 0000001c T gfxIsWide
00103408 000000f8 T gfxSetScreenFormat
00103500 00000010 T gfxSetDoubleBuffering
00103510 000000d8 T gfxInit
001035e8 00000010 T gfxInitDefault
001035f8 000000b8 T gfxExit
001036b0 000000a0 T gfxGetFramebuffer
00103750 00000100 T gfxFlushBuffers
00103850 00000050 T gfxSwapBuffers
001038a0 00000050 T gfxSwapBuffersGpu
001038f0 00000180 t aptConvertScreenForCapture
00103a70 00000008 W aptDspSleep
00103a78 00000004 W aptDspWakeup
00103a7c 00000004 W aptDspCancel
00103a80 00000138 T aptSendCommand
00103bb8 00000044 t aptExitProcess
00103bfc 00000394 T aptExit
00103f90 000000d8 T aptHandleSleep
00104068 00000084 T APT_SleepIfShellClosed
001040ec 00000078 T aptSetSleepAllowed
00104164 00000084 T APT_UnlockTransition
001041e8 00000470 t aptEventHandler
00104658 000000bc T APT_ReceiveParameter
00104714 000000b0 t aptReceiveParameter.constprop.0
001047c8 00000294 t aptScreenTransfer
00104a5c 000002d0 t aptWaitForWakeUp.isra.0
00104d2c 000000f4 T aptJumpToHomeMenu
00104e20 00000058 T aptMainLoop
00104e78 00000240 T aptInit
001050b8 00000090 T APT_CheckNew3DS
00105148 00000c70 t gspHardwareInit
00105db8 00000280 T gspInit
00106038 00000110 T gspExit
00106148 00000010 T gspHasGpuRight
00106158 000000a4 T gspPresentBuffer
001061fc 00000050 T gspWaitForEvent
0010624c 00000004 W gxCmdQueueInterrupt
00106250 00000154 t gspEventThreadMain
001063a4 00000050 T GSPGPU_FlushDataCache
001063f4 00000034 T GSPGPU_SetLcdForceBlack
00106428 00000080 T GSPGPU_AcquireRight
001064a8 0000005c T GSPGPU_ReleaseRight
00106504 0000007c T GSPGPU_ImportDisplayCaptureInfo
00106580 0000002c T GSPGPU_SaveVramSysArea
001065ac 0000002c T GSPGPU_RestoreVramSysArea
001065d8 00000024 W hidShouldUseIrrst
001065fc 000001cc T hidInit
001067c8 000000e8 T hidExit
001068b0 000002a0 T hidScanInput
00106b50 00000010 T hidKeysDown
00106b60 000001a4 T irrstInit
00106d04 000000dc T irrstExit
00106de0 000000b4 T irrstScanInput
00106e94 00000024 T irrstKeysHeld
00106eb8 00000038 W __libctru_init
00106ef0 0000016c W __system_initArgv
0010705c 00000030 T __syscall_getreent
0010708c 00000064 T __syscall_gettod_r
001070f0 00000004 T __syscall_lock_acquire
001070f4 00000004 T __syscall_lock_release
001070f8 00000004 T __syscall_lock_acquire_recursive
001070fc 00000004 T __syscall_lock_release_recursive
00107100 00000004 T __syscall_exit
00107104 00000054 T initThreadVars
00107158 00000080 T __system_initSyscalls
001071d8 T svcControlMemory
001071f8 T svcQueryMemory
00107228 T svcExitProcess
00107230 T svcCreateThread
00107250 T svcExitThread
00107258 T svcSleepThread
00107260 T svcReleaseMutex
00107268 T svcCreateEvent
0010727c T svcSignalEvent
00107284 T svcClearEvent
0010728c T svcMapMemoryBlock
00107294 T svcUnmapMemoryBlock
0010729c T svcCreateAddressArbiter
001072b0 T svcArbitrateAddressNoTimeout
001072b8 T svcCloseHandle
001072c0 T svcWaitSynchronization
001072c8 T svcWaitSynchronizationN
001072f0 T svcDuplicateHandle
00107304 T svcGetSystemTick
0010730c T svcConnectToPort
00107320 T svcSendSyncRequest
00107328 T svcGetResourceLimit
0010733c T svcGetResourceLimitLimitValues
00107344 T svcGetResourceLimitCurrentValues
0010734c T svcBreak
00107354 W initSystem
001073a4 W __ctru_exit
001073b8 00000024 t addrMapNodeComparator(rbtree_node const*, rbtree_node const*)
001073dc 00000004 t addrMapNodeDestructor(rbtree_node*)
001073e0 0000012c T linearMemAlign
0010750c 00000008 T linearAlloc
00107514 0000005c T linearFree
00107570 00000088 T MemPool::CoalesceRight(MemBlock*)
001075f8 00000178 T MemPool::Allocate(MemChunk&, unsigned long, int)
00107770 00000118 T MemPool::Deallocate(MemChunk const&)
00107888 00000030 T MemPool::GetFreeSpace()
001078b8 00000024 t addrMapNodeComparator(rbtree_node const*, rbtree_node const*)
001078dc 00000004 t addrMapNodeDestructor(rbtree_node*)
001078e0 00000248 T vramMemAlignAt
00107b28 0000000c T vramAlloc
00107b34 00000094 T vramFree
00107bc8 0000008c W envGetHandle
00107c54 00000050 W envDestroyHandles
00107ca4 00000054 T osGetTimeRef
00107cf8 000000ec T osGetTime
00107de4 00000034 T __ctru_speedup_config
00107e18 00000164 T srvInit
00107f7c 00000064 T srvExit
00107fe0 00000060 T srvEnableNotification
00108040 000000a0 T srvGetServiceHandleDirect
001080e0 00000048 T srvGetServiceHandle
00108128 00000034 T srvSubscribe
0010815c 00000060 T srvReceiveNotification
001081bc 00000038 T srvPublishToSubscriber
001081f4 0000000c T __sync_init
00108200 00000018 T __sync_fini
00108218 00000028 T syncArbitrateAddress
00108240 000000ac T LightLock_Lock
001082ec 00000040 T LightLock_Unlock
0010832c 00000054 T RecursiveLock_Lock
00108380 00000054 T RecursiveLock_Unlock
001083d4 00000044 T LightEvent_Init
00108418 000000b8 T LightEvent_Clear
001084d0 000000dc T LightEvent_Signal
001085ac 00000050 T LightEvent_TryWait
001085fc 000000ac T LightEvent_Wait
001086a8 000001fc T threadCreate
001088a4 00000038 T threadFree
001088dc 00000024 T threadJoin
00108900 00000030 T threadGetCurrent
00108930 00000040 T threadExit
00108970 00000020 t _thread_begin
00108990 00000090 t mappableFindAddressWithin
00108a20 00000028 T mappableInit
00108a48 0000007c T mappableAlloc
00108ac4 00000004 T mappableFree
00108ac8 00000078 T ptmSysmInit
00108b40 0000003c T ptmSysmExit
00108b7c 00000034 T PTMSYSM_ConfigureNew3DSCPU
00108bb0 0000000c T srvPmGetSessionHandle
00108bbc 00000074 T rbtree_find
00108c30 00000010 T rbtree_init
00108c40 00000198 t do_insert
00108dd8 00000008 T rbtree_insert
00108de0 00000310 T rbtree_remove
001090f0 00000090 T rbtree_rotate
00109180 000001e8 W __system_allocateHeaps
00109368 00000030 W __appExit
00109398 00000030 W __appInit
001093c8 00000090 W __libctru_exit
00109458 00000014 t archive_link
0010946c 00000014 t archive_dirreset
00109480 00000014 t archive_chmod
00109494 00000024 t error_cmp
001094b8 00000050 t archive_translate_error
00109508 000000c0 t archive_seek
001095c8 00000078 t _archiveInit.part.0
00109640 000000d4 t archiveFindDevice.part.0
00109714 00000298 t archive_utf16path
001099ac 00000098 t _archiveUnmountDeviceStruct.part.0
00109a44 00000014 t archive_statvfs
00109a58 00000014 t archive_fchmod
00109a6c 00000178 t _archiveMountDevice
00109be4 000000f8 t archive_diropen
00109cdc 000000ac t archive_fstat
00109d88 00000074 t archive_fsync
00109dfc 00000074 t archive_close
00109e70 00000078 t archive_dirclose
00109ee8 000000ec t sdmc_statvfs
00109fd4 000000f8 t archive_chdir
0010a0cc 0000008c t archive_ftruncate
0010a158 000000bc t archive_read
0010a214 000000a8 t archive_unlink
0010a2bc 000000c0 t archive_rmdir
0010a37c 000000d8 t archive_mkdir
0010a454 000001a0 t archive_stat
0010a5f4 00000164 t archive_dirnext
0010a758 0000013c t archive_write
0010a898 00000254 t archive_open
0010aaec 00000270 t archive_rename
0010ad5c 000001c8 T archiveMountSdmc
0010af24 00000054 T archiveUnmountAll
0010af78 00000104 T fsInit
0010b07c 0000003c T fsExit
0010b0b8 00000068 T fsExemptFromSession
0010b120 00000050 T fsUnexemptFromSession
0010b170 000000cc T FSUSER_OpenFile
0010b23c 000000b8 T FSUSER_DeleteFile
0010b2f4 000000f4 T FSUSER_RenameFile
0010b3e8 000000b8 T FSUSER_DeleteDirectory
0010b4a0 000000d0 T FSUSER_CreateFile
0010b570 000000c0 T FSUSER_CreateDirectory
0010b630 000000f4 T FSUSER_RenameDirectory
0010b724 000000b4 T FSUSER_OpenDirectory
0010b7d8 00000090 T FSUSER_OpenArchive
0010b868 0000008c T FSUSER_CloseArchive
0010b8f4 00000074 T FSUSER_GetSdmcArchiveResource
0010b968 00000064 T FSUSER_IsSdmcWritable
0010b9cc 00000064 T FSFILE_Read
0010ba30 0000006c T FSFILE_Write
0010ba9c 00000044 T FSFILE_GetSize
0010bae0 00000028 T FSFILE_SetSize
0010bb08 0000003c T FSFILE_Close
0010bb44 00000024 T FSFILE_Flush
0010bb68 00000060 T FSDIR_Read
0010bbc8 0000003c T FSDIR_Close
0010bc04 00000060 T rbtree_node_next
0010bc64 00000140 T decode_utf8
0010bda4 000000e8 T utf16_to_utf8
0010be8c 000000c0 T utf8_to_utf16
0010bf4c T __aeabi_read_tp
0010bf58 00000054 T decode_utf16
0010bfac 00000054 T encode_utf16
0010c000 000000e0 T encode_utf8
0010c0e0 00000130 T __udivmoddi4
0010c210 000000d8 T strncmp
0010c2e8 0000001c T srand
0010c304 00000044 T rand
0010c348 0000008c T strlen
0010c3d4 0000001c t stdio_exit_handler
0010c3f0 0000005c t cleanup_stdio
0010c44c 00000154 t global_stdio_init.part.0
0010c5a0 0000005c T __sinit
0010c5fc 0000000c T __sfp_lock_acquire
0010c608 0000000c T __sfp_lock_release
0010c614 000001ec t _strtoul_l.isra.0
0010c800 0000003c T strtoul
0010c83c 00000084 T __libc_init_array
0010c8c0 0000009c T strncat
0010c95c 00000070 T _fwalk_sglue
0010c9cc 00000078 T bsearch
0010ca44 0000000c T __errno
0010ca50 000000e0 T _puts_r
0010cb30 00000020 T puts
0010cb50 00000028 T memalign
0010cb78 00000024 T putchar
0010cb9c 0000082c T _malloc_r
0010d3c8 000000f0 T strcpy
0010d4b8 00000114 T _malloc_trim_r
0010d5cc 00000314 T _free_r
0010d8e0 00000034 T printf
0010d914 0000003c T strnlen
0010d950 00000040 T malloc
0010d990 00000020 T free
0010d9b0 0000022c T __sflush_r
0010dbdc 000000c4 T _fflush_r
0010dca0 00000048 T time
0010dce8 000000e4 T memset
0010ddcc 0000000c T __malloc_lock
0010ddd8 0000000c T __malloc_unlock
0010dde4 00000004 W __call_exitprocs
0010dde8 00000030 T exit
0010de18 00000294 T setvbuf
0010e0ac 000000d4 T strncpy
0010e180 0000012c T memcpy
0010e2ac 000004a4 T __sfvwrite_r
0010e750 00000044 T __sread
0010e794 00000068 T __swrite
0010e7fc 00000040 T __sseek
0010e83c 00000008 T __sclose
0010e844 0000016c T memmove
0010e9b0 00000144 T _fclose_r
0010eaf4 0000016c T _memalign_r
0010ec60 000000fc T _putc_r
0010ed5c 000005e0 t get_arg
0010f340 00003554 T _vfprintf_r
00112894 000000b4 t __sbprintf
00112948 000000e8 T memchr
00112a30 000001c0 t quorem
00112bf0 000013f0 T _dtoa_r
00113fe0 000000a0 T _wcrtomb_r
00114080 0000003c T __libc_fini_array
001140bc 00000164 T __smakebuf_r
00114220 00000090 T __swhatbuf_r
001142b0 000004f0 T _realloc_r
001147a0 00000028 T _wcsrtombs_r
001147c8 00000140 T __swsetup_r
00114908 00000088 T frexp
00114990 0000005c T __assert_func
001149ec 00000088 T _Balloc
00114a74 0000001c T _Bfree
00114a90 000000f4 T __multadd
00114b84 00000080 T __hi0bits
00114c04 000000f0 T __lo0bits
00114cf4 000000a4 T __i2b
00114d98 00000230 T __multiply
00114fc8 00000130 T __pow5mult
001150f8 00000138 T __lshift
00115230 00000058 T __mcmp
00115288 00000218 T __mdiff
001154a0 00000120 T __d2b
001155c0 00000024 T __locale_mb_cur_max
001155e4 0000003c T fiprintf
00115620 00000124 T __swbuf_r
00115744 0000015c T _wcsnrtombs_l
001158a0 00000064 T _wcsnrtombs_r
00115904 00000340 T __utf8_mbtowc
00115c44 00000030 T __sprint_r
00115c74 00000014 T abort
00115c88 00000024 T _localeconv_r
00115cac 000000d8 T _calloc_r
00115d84 000000f8 T __utf8_wctomb
00115e7c 00000140 T strchr
00115fbc 0000009c T _raise_r
00116058 00000020 T raise
00116078 000005e0 t get_arg
00116658 000022f8 T _vfiprintf_r
00118950 000000b4 t __sbprintf
00118a04 00000020 T _exit
00118a24 00000140 T chdir
00118b64 000001c8 T _concatenate_path
00118d2c 0000009c T _fstat_r
00118dc8 00000014 T _getpid_r
00118ddc 0000002c T __getreent
00118e08 00000030 T _gettimeofday_r
00118e38 00000058 T __get_handle
00118e90 00000110 T _close_r
00118fa0 00000008 t null_write
00118fa8 00000018 T setDefaultDevice
00118fc0 000000c4 T FindDevice
00119084 00000028 T RemoveDevice
001190ac 00000098 T AddDevice
00119144 00000020 T GetDeviceOpTab
00119164 00000008 T _isatty_r
0011916c 00000014 T _kill_r
00119180 00000094 T _lseek_r
00119214 00000094 T _read_r
001192a8 00000078 W _sbrk_r
00119320 0000001c T __libc_lock_acquire
0011933c 0000001c T __libc_lock_release
00119358 0000001c T __libc_lock_acquire_recursive
00119374 0000001c T __libc_lock_release_recursive
00119390 00000094 T _write_r
00119424 00000048 T strrchr
0011946c T _fini
0011ac38 r .LC2
0011aecc 00000080 r dotab_stdout
0011af4c 00000018 r grayScale
0011af64 00000006 r colorCube
0011af6c 00000030 r colorTable
0011afb8 00000008 r morton_y.2
0011afc0 00000008 r morton_x.3
0011afc8 00000008 r s_sleepWakeEvents.4
0011afd0 0000000c r serviceNameTable.5
0011afdc R default_font_bin
0011b7dc R default_font_bin_end
0011b7dc 00000030 r error_table
0011b80c 00000080 r archive_devoptab
0011b88c 00000101 R _ctype_
0011bab4 00000010 r zeroes.0
0011bac4 00000010 r blanks.1
0011badc 0000006c R __action_table
0011bb48 0000006c R __state_table
0011bbb4 00000100 R __chclass
0011bcb4 0000000c r p05.0
0011bcc0 00000028 R __mprec_bigtens
0011bce8 000000c8 R __mprec_tens
0011be9c 00000010 r zeroes.0
0011beac 00000010 r blanks.1
0011bebc 00000080 R dotab_stdnull
0011bf3c R __tdata_align
0011bf40 r __EH_FRAME_BEGIN__
0011bf40 R __exidx_end
0011bf40 R __exidx_start
0011c000 00000034 D cardFaces
0011c034 00000010 D cardSuits
0011c044 00000034 D cardSigns
0011c078 00000010 D cardSuitSymbols
0011c088 00000001 d firstConsoleInit.0
0011c08c 00000004 D currentConsole
0011c090 00000048 D defaultConsole
0011c0d8 00000004 d aptChainloadDeliverArgSize
0011c0dc 00000004 d kCount
0011c0e0 00000004 d kInterval
0011c0e4 00000004 d kDelay
0011c0e8 W __stacksize__
0011c0ec 0000000c D __sglue
0011c0f8 00000004 D __malloc_sbrk_base
0011c0fc 00000004 D __malloc_trim_threshold
0011c100 00000408 D __malloc_av_
0011c508 00000004 D _impure_ptr
0011c510 00000140 D _impure_data
0011c650 0000016c D __global_locale
0011c7bc 00000400 d _current_working_directory
0011cbc0 00001000 d handles
0011dbc0 0000000c d __stderr_handle
0011dbcc 0000000c d __stdout_handle
0011dbd8 0000000c d __stdin_handle
0011dbe4 0000008c D devoptab_list
0011dc70 00000004 d defaultDevice
0011dc7c d _GLOBAL_OFFSET_TABLE_
0011dc88 d __frame_dummy_init_array_entry
0011dc88 D __init_array_start
0011dc88 B __preinit_array_end
0011dc88 B __preinit_array_start
0011dc88 D __tdata_lma
0011dc88 D __tdata_lma_end
0011dc8c d __do_global_dtors_aux_fini_array_entry
0011dc8c D __fini_array_start
0011dc8c D __init_array_end
0011dc90 D __bss_start__
0011dc90 D __fini_array_end
0011dc90 b completed.1
0011dc94 b object.0
0011dcac 00000064 b escapeSeq
0011dd10 00000048 B currentCopy
0011dd58 00000004 b screenAlloc
0011dd5c 00000004 b screenFree
0011dd60 00000002 b gfxIsDoubleBuf
0011dd64 00000002 b gfxCurBuf
0011dd66 00000001 b gfxIsVram
0011dd67 00000001 b gfxTopMode
0011dd68 00000002 b gfxFramebufferFormats
0011dd6c 00000004 b gfxBottomFramebufferMaxSize
0011dd70 00000004 b gfxTopFramebufferMaxSize
0011dd78 00000008 b gfxBottomFramebuffers
0011dd80 00000008 b gfxTopFramebuffers
0011dd88 00000001 b flagValue.0
0011dd89 00000001 b flagInit.1
0011dd8c 00000004 b serviceName.6
0011dd90 00000001 b aptChainloadFlags
0011dd91 00000001 b aptChainloadMediatype
0011dd94 00000020 b aptChainloadHmac
0011ddb4 00000300 b aptChainloadDeliverArg
0011e0b8 00000008 b aptChainloadTid
0011e0c0 00001000 b aptParameters
0011f0c0 00000004 b aptFlags
0011f0c4 00000001 b aptHomeButtonState
0011f0c8 00000004 b aptMessageFuncData
0011f0cc 00000004 b aptMessageFunc
0011f0d0 0000000c b aptFirstHook
0011f0dc 00000001 b aptEventHandlerThreadQuit
0011f0e0 00000004 b aptEventHandlerThread
0011f0e4 00000008 b aptSleepEvent
0011f0ec 00000008 b aptReceiveEvent
0011f0f4 00000008 b aptEvents
0011f0fc 00000004 b aptLockHandle
0011f100 00000004 b aptRefCount
0011f104 00000007 b gspEventCbOneShot
0011f10c 0000001c b gspEventCbData
0011f128 0000001c b gspEventCb
0011f144 00000038 b gspEvents
0011f17c 00000004 b gspLastEvent
0011f180 00000001 b gspRunEvents
0011f184 00000004 b gspEventThread
0011f188 00000004 b gspEvent
0011f18c 00000001 b gspGpuRight
0011f18d 00000001 b gspThreadId
0011f190 00000004 b gspSharedMem
0011f194 00000004 b gspSharedMemHandle
0011f198 00000004 b gspRefCount
0011f19c 00000004 b gspGpuHandle
0011f1a0 00000001 b usingIrrst
0011f1a4 00000004 b hidRefCount
0011f1a8 00000006 b gRate
0011f1b0 00000006 b aVec
0011f1b8 00000004 b cPos
0011f1bc 00000004 b tPos
0011f1c0 00000004 b kRepeat
0011f1c4 00000004 b kUp
0011f1c8 00000004 b kDown
0011f1cc 00000004 b kHeld
0011f1d0 00000004 b kOld
0011f1d4 00000004 B hidSharedMem
0011f1d8 00000014 B hidEvents
0011f1ec 00000004 B hidMemHandle
0011f1f0 00000004 B hidHandle
0011f1f4 00000004 b irrstRefCount
0011f1f8 00000004 b csPos
0011f1fc 00000004 b kHeld
0011f200 00000004 B irrstSharedMem
0011f204 00000004 B irrstEvent
0011f208 00000004 B irrstMemHandle
0011f20c 00000004 B irrstHandle
0011f210 00000004 B __system_retAddr
0011f214 00000004 B __system_argv
0011f218 00000004 B __system_argc
0011f21c b saved_stack
0011f228 00000008 b sLinearPool
0011f230 0000000c b sAddrMap
0011f240 00000008 b sVramPoolB
0011f248 00000008 b sVramPoolA
0011f250 0000000c b sAddrMap
0011f25c 00000004 B __3dslink_host
0011f260 00000001 V __ctru_speedup
0011f264 00000004 b srvRefCount
0011f268 00000004 b srvHandle
0011f26c 00000004 b arbiter
0011f270 00000004 b currentAddr
0011f274 00000004 b maxAddr
0011f278 00000004 b minAddr
0011f27c 00000004 b ptmSysmRefCount
0011f280 00000004 b ptmSysmHandle
0011f284 00000004 b srvPmHandle
0011f288 00000004 V __ctru_linear_heap_size
0011f28c 00000004 V __ctru_heap_size
0011f290 00000004 B __ctru_linear_heap
0011f294 00000004 B __ctru_heap
0011f298 000005c0 b archive_devices
0011f858 00000004 b archive_device_cwd
0011f85c 00000001 b archive_initialized
0011f860 00000080 b fsExemptArchives
0011f8e0 00000004 b fsuRefCount
0011f8e4 00000004 b fsuHandle
0011f8e8 0000000c b __sfp_recursive_mutex
0011f8f8 00000168 B __sf
0011fa60 00000004 B __stdio_exit_handler
0011fa64 00000028 B __malloc_current_mallinfo
0011fa8c 00000004 B __malloc_max_total_mem
0011fa90 00000004 B __malloc_max_sbrked_mem
0011fa94 00000004 B __malloc_top_pad
0011fa98 0000000c b __malloc_recursive_mutex
0011faa4 00000400 b temp_cwd
0011fea4 00000004 b __hndl_lock
0011fea8 00000004 B fake_heap_start
0011feac 00000004 B fake_heap_end
0011feb0 00000004 b heap_start.0
0011feb4 B __tls_start
00120abc B __bss_end__
00120abc A __end__
00120abc B __tls_end
